<?xml version="1.0" encoding="UTF-8"?>
<!-- Generated by org.testng.reporters.JUnitReportReporter -->
<testsuite skipped="0" hostname="BSC-PF10PQNE" name="koch.com.ixigo.verifyIxigo" tests="1" failures="0" timestamp="17 Aug 2020 12:32:56 GMT" time="18.567" errors="0">
  <testcase name="verifyIxigoPageIsLoaded" time="18.567" classname="koch.com.ixigo.verifyIxigo"/>
</testsuite> <!-- koch.com.ixigo.verifyIxigo -->
