<?xml version="1.0" encoding="UTF-8"?>
<!-- Generated by org.testng.reporters.JUnitReportReporter -->
<testsuite skipped="0" hostname="BSC-PF10PQNE" name="koch.com.ixigo.verifyIxigo" tests="3" failures="0" timestamp="18 Aug 2020 10:34:25 GMT" time="43.396" errors="0">
  <testcase name="verifyPassangerDetailsAreAdded" time="29.033" classname="koch.com.ixigo.verifyIxigo"/>
  <testcase name="verifyNonStopFlights" time="4.543" classname="koch.com.ixigo.verifyIxigo"/>
  <testcase name="verifyIxigoPageIsLoaded" time="9.820" classname="koch.com.ixigo.verifyIxigo"/>
</testsuite> <!-- koch.com.ixigo.verifyIxigo -->
