<?xml version="1.0" encoding="UTF-8"?>
<!-- Generated by org.testng.reporters.JUnitReportReporter -->
<testsuite skipped="0" hostname="BSC-PF10PQNE" name="koch.com.ixigo.google" tests="1" failures="0" timestamp="18 Nov 2020 03:28:15 GMT" time="5.269" errors="0">
  <testcase name="verifyIxigoPageIsLoaded" time="5.269" classname="koch.com.ixigo.google"/>
</testsuite> <!-- koch.com.ixigo.google -->
