<?xml version="1.0" encoding="UTF-8"?>
<!-- Generated by org.testng.reporters.JUnitReportReporter -->
<testsuite skipped="0" hostname="BSC-PF10PQNE" name="koch.com.ixigo.verifyIxigo" tests="4" failures="0" timestamp="18 Aug 2020 15:46:17 GMT" time="78.866" errors="0">
  <testcase name="verifyNonStopFlights" time="12.103" classname="koch.com.ixigo.verifyIxigo"/>
  <testcase name="verifyFlightsWithFareLessThanFiveThosuand" time="14.663" classname="koch.com.ixigo.verifyIxigo"/>
  <testcase name="verifyIxigoPageIsLoaded" time="14.206" classname="koch.com.ixigo.verifyIxigo"/>
  <testcase name="verifyPassangerDetailsAreAdded" time="37.894" classname="koch.com.ixigo.verifyIxigo"/>
</testsuite> <!-- koch.com.ixigo.verifyIxigo -->
