<?xml version="1.0" encoding="UTF-8"?>
<!-- Generated by org.testng.reporters.JUnitReportReporter -->
<testsuite skipped="0" hostname="BSC-PF10PQNE" name="koch.com.ixigo.setUp" tests="1" failures="0" timestamp="05 Jul 2021 05:58:43 GMT" time="13.024" errors="0">
  <testcase name="test1" time="13.024" classname="koch.com.ixigo.setUp"/>
</testsuite> <!-- koch.com.ixigo.setUp -->
