<?xml version="1.0" encoding="UTF-8"?>
<!-- Generated by org.testng.reporters.JUnitReportReporter -->
<testsuite skipped="0" hostname="BSC-PF10PQNE" name="koch.com.ixigo.google" tests="1" failures="0" timestamp="12 Sep 2020 07:05:10 GMT" time="4.128" errors="0">
  <testcase name="verifyIxigoPageIsLoaded" time="4.128" classname="koch.com.ixigo.google"/>
</testsuite> <!-- koch.com.ixigo.google -->
