<?xml version="1.0" encoding="UTF-8"?>
<!-- Generated by org.testng.reporters.JUnitReportReporter -->
<testsuite skipped="0" hostname="BSC-PF10PQNE" name="koch.com.ixigo.verifyIxigo" tests="4" failures="0" timestamp="18 Aug 2020 15:54:06 GMT" time="78.899" errors="0">
  <testcase name="verifyNonStopFlights" time="12.354" classname="koch.com.ixigo.verifyIxigo"/>
  <testcase name="verifyFlightsWithFareLessThanFiveThosuand" time="14.609" classname="koch.com.ixigo.verifyIxigo"/>
  <testcase name="verifyIxigoPageIsLoaded" time="15.220" classname="koch.com.ixigo.verifyIxigo"/>
  <testcase name="verifyPassangerDetailsAreAdded" time="36.716" classname="koch.com.ixigo.verifyIxigo"/>
</testsuite> <!-- koch.com.ixigo.verifyIxigo -->
