<?xml version="1.0" encoding="UTF-8"?>
<!-- Generated by org.testng.reporters.JUnitReportReporter -->
<testsuite skipped="0" hostname="BSC-PF10PQNE" name="koch.com.ixigo.verifyIxigo" tests="4" failures="0" timestamp="06 Sep 2020 07:08:27 GMT" time="120.056" errors="0">
  <testcase name="verifyFlightsWithFareLessThanFiveThosuand" time="25.182" classname="koch.com.ixigo.verifyIxigo"/>
  <testcase name="verifyNonStopFlights" time="18.409" classname="koch.com.ixigo.verifyIxigo"/>
  <testcase name="verifyIxigoPageIsLoaded" time="4.613" classname="koch.com.ixigo.verifyIxigo"/>
  <testcase name="verifyPassangerDetailsAreAdded" time="71.852" classname="koch.com.ixigo.verifyIxigo"/>
</testsuite> <!-- koch.com.ixigo.verifyIxigo -->
