<?xml version="1.0" encoding="UTF-8"?>
<!-- Generated by org.testng.reporters.JUnitReportReporter -->
<testsuite skipped="0" hostname="BSC-PF10PQNE" name="koch.com.ixigo.verifyIxigo" tests="4" failures="0" timestamp="18 Aug 2020 14:45:16 GMT" time="49.554" errors="0">
  <testcase name="verifyNonStopFlights" time="6.558" classname="koch.com.ixigo.verifyIxigo"/>
  <testcase name="verifyFlightsWithFareLessThanFiveThosuand" time="3.732" classname="koch.com.ixigo.verifyIxigo"/>
  <testcase name="verifyPassangerDetailsAreAdded" time="29.157" classname="koch.com.ixigo.verifyIxigo"/>
  <testcase name="verifyIxigoPageIsLoaded" time="10.107" classname="koch.com.ixigo.verifyIxigo"/>
</testsuite> <!-- koch.com.ixigo.verifyIxigo -->
