<?xml version="1.0" encoding="UTF-8"?>
<!-- Generated by org.testng.reporters.JUnitReportReporter -->
<testsuite skipped="0" hostname="BSC-PF10PQNE" name="koch.com.ixigo.BrowserStackTest" tests="1" failures="0" timestamp="18 Jul 2021 05:05:00 GMT" time="76.392" errors="0">
  <testcase name="test1_2" time="76.392" classname="koch.com.ixigo.BrowserStackTest"/>
</testsuite> <!-- koch.com.ixigo.BrowserStackTest -->
