<?xml version="1.0" encoding="UTF-8"?>
<!-- Generated by org.testng.reporters.JUnitReportReporter -->
<testsuite skipped="0" hostname="BSC-PF10PQNE" name="koch.com.ixigo.google" tests="2" failures="0" timestamp="15 Mar 2022 06:04:42 GMT" time="10.835" errors="0">
  <testcase name="verifyIxigoPageIsLoaded" time="5.709" classname="koch.com.ixigo.google"/>
  <testcase name="verifyIxigoPageIsLoaded" time="5.126" classname="koch.com.ixigo.google"/>
</testsuite> <!-- koch.com.ixigo.google -->
