<?xml version="1.0" encoding="UTF-8"?>
<!-- Generated by org.testng.reporters.JUnitReportReporter -->
<testsuite skipped="0" hostname="BSC-PF10PQNE" name="koch.com.ixigo.sampleTestScript" tests="1" failures="0" timestamp="18 Jul 2021 03:54:45 GMT" time="6.685" errors="0">
  <testcase name="test1_2" time="6.685" classname="koch.com.ixigo.sampleTestScript"/>
</testsuite> <!-- koch.com.ixigo.sampleTestScript -->
