<?xml version="1.0" encoding="UTF-8"?>
<!-- Generated by org.testng.reporters.JUnitReportReporter -->
<testsuite skipped="0" hostname="68b7e77fd9c1" name="koch.com.ixigo.google" tests="1" failures="0" timestamp="15 Sep 2020 11:44:19 GMT" time="1.402" errors="0">
  <testcase name="verifyIxigoPageIsLoaded" time="1.402" classname="koch.com.ixigo.google"/>
</testsuite> <!-- koch.com.ixigo.google -->
