<?xml version="1.0" encoding="UTF-8"?>
<!-- Generated by org.testng.reporters.JUnitReportReporter -->
<testsuite skipped="0" hostname="68b7e77fd9c1" name="koch.com.ixigo.google" tests="1" failures="0" timestamp="27 Sep 2020 03:43:09 GMT" time="0.756" errors="0">
  <testcase name="verifyIxigoPageIsLoaded" time="0.756" classname="koch.com.ixigo.google"/>
</testsuite> <!-- koch.com.ixigo.google -->
